[0m11:55:19.353941 [debug] [MainThread]: Sending event: {'category': 'dbt', 'action': 'invocation', 'label': 'start', 'context': [<snowplow_tracker.self_describing_json.SelfDescribingJson object at 0x0000022A66980F90>, <snowplow_tracker.self_describing_json.SelfDescribingJson object at 0x0000022A66976250>, <snowplow_tracker.self_describing_json.SelfDescribingJson object at 0x0000022A66976210>]}


============================== 11:55:19.369946 | 68b8b1b3-2a31-4971-a3f4-8dbac79a015f ==============================
[0m11:55:19.369946 [info ] [MainThread]: Running with dbt=1.7.2
[0m11:55:19.373946 [debug] [MainThread]: running dbt with arguments {'printer_width': '80', 'indirect_selection': 'eager', 'log_cache_events': 'False', 'write_json': 'True', 'partial_parse': 'True', 'cache_selected_only': 'False', 'warn_error': 'None', 'fail_fast': 'False', 'profiles_dir': 'C:\\Users\\Elsa\\.dbt', 'log_path': 'logs', 'debug': 'False', 'version_check': 'True', 'use_colors': 'True', 'use_experimental_parser': 'False', 'no_print': 'None', 'quiet': 'False', 'log_format': 'default', 'invocation_command': 'dbt init dbt_project', 'introspect': 'True', 'warn_error_options': 'WarnErrorOptions(include=[], exclude=[])', 'target_path': 'None', 'static_parser': 'True', 'send_anonymous_usage_stats': 'True'}
[0m11:55:19.382940 [debug] [MainThread]: Starter project path: C:\Users\Elsa\Tugas\Capstone-Project\capstone_brief\venv\Lib\site-packages\dbt\include\starter_project
[0m11:55:19.529943 [info ] [MainThread]: 
Your new dbt project "dbt_project" was created!

For more information on how to configure the profiles.yml file,
please consult the dbt documentation here:

  https://docs.getdbt.com/docs/configure-your-profile

One more thing:

Need help? Don't hesitate to reach out to us via GitHub issues or on Slack:

  https://community.getdbt.com/

Happy modeling!

[0m11:55:19.617944 [info ] [MainThread]: Setting up your profile.
[0m11:55:56.533631 [info ] [MainThread]: Profile dbt_project written to C:\Users\Elsa\.dbt\profiles.yml using target's profile_template.yml and your supplied values. Run 'dbt debug' to validate the connection.
[0m11:55:56.552631 [debug] [MainThread]: Command `dbt init` succeeded at 11:55:56.552631 after 37.44 seconds
[0m11:55:56.570633 [debug] [MainThread]: Sending event: {'category': 'dbt', 'action': 'invocation', 'label': 'end', 'context': [<snowplow_tracker.self_describing_json.SelfDescribingJson object at 0x0000022A659DAE90>, <snowplow_tracker.self_describing_json.SelfDescribingJson object at 0x0000022A6694D850>, <snowplow_tracker.self_describing_json.SelfDescribingJson object at 0x0000022A6694C6D0>]}
[0m11:55:56.573619 [debug] [MainThread]: Flushing usage events
[0m12:27:59.267244 [debug] [MainThread]: Sending event: {'category': 'dbt', 'action': 'invocation', 'label': 'start', 'context': [<snowplow_tracker.self_describing_json.SelfDescribingJson object at 0x0000019C47A4D5D0>, <snowplow_tracker.self_describing_json.SelfDescribingJson object at 0x0000019C4792C910>, <snowplow_tracker.self_describing_json.SelfDescribingJson object at 0x0000019C479FD2D0>]}


============================== 12:27:59.277241 | 709184a7-45ba-4235-ae40-ccc4f5364c35 ==============================
[0m12:27:59.277241 [info ] [MainThread]: Running with dbt=1.7.2
[0m12:27:59.280248 [debug] [MainThread]: running dbt with arguments {'printer_width': '80', 'indirect_selection': 'eager', 'write_json': 'True', 'log_cache_events': 'False', 'partial_parse': 'True', 'cache_selected_only': 'False', 'profiles_dir': 'C:/Users/Elsa/Tugas/Capstone-Project/capstone_brief/dbt_profiles', 'fail_fast': 'False', 'version_check': 'True', 'log_path': 'logs', 'warn_error': 'None', 'debug': 'False', 'use_colors': 'True', 'use_experimental_parser': 'False', 'no_print': 'None', 'quiet': 'False', 'log_format': 'default', 'introspect': 'True', 'warn_error_options': 'WarnErrorOptions(include=[], exclude=[])', 'static_parser': 'True', 'target_path': 'None', 'invocation_command': 'dbt init dbt_project', 'send_anonymous_usage_stats': 'True'}
[0m12:27:59.286244 [debug] [MainThread]: Starter project path: C:\Users\Elsa\Tugas\Capstone-Project\capstone_brief\venv\Lib\site-packages\dbt\include\starter_project
[0m12:27:59.367249 [info ] [MainThread]: 
Your new dbt project "dbt_project" was created!

For more information on how to configure the profiles.yml file,
please consult the dbt documentation here:

  https://docs.getdbt.com/docs/configure-your-profile

One more thing:

Need help? Don't hesitate to reach out to us via GitHub issues or on Slack:

  https://community.getdbt.com/

Happy modeling!

[0m12:27:59.372244 [info ] [MainThread]: Setting up your profile.
[0m12:28:23.315064 [info ] [MainThread]: Profile dbt_project written to C:\Users\Elsa\Tugas\Capstone-Project\capstone_brief\dbt_profiles\profiles.yml using target's profile_template.yml and your supplied values. Run 'dbt debug' to validate the connection.
[0m12:28:23.325072 [debug] [MainThread]: Command `dbt init` succeeded at 12:28:23.324058 after 24.19 seconds
[0m12:28:23.337064 [debug] [MainThread]: Sending event: {'category': 'dbt', 'action': 'invocation', 'label': 'end', 'context': [<snowplow_tracker.self_describing_json.SelfDescribingJson object at 0x0000019C47A04E10>, <snowplow_tracker.self_describing_json.SelfDescribingJson object at 0x0000019C40875E10>, <snowplow_tracker.self_describing_json.SelfDescribingJson object at 0x0000019C470DA110>]}
[0m12:28:23.339061 [debug] [MainThread]: Flushing usage events
[0m12:28:30.921342 [debug] [MainThread]: Error sending anonymous usage statistics. Disabling tracking for this execution. If you wish to permanently disable tracking, see: https://docs.getdbt.com/reference/global-configs#send-anonymous-usage-stats.
[0m12:34:51.832372 [debug] [MainThread]: Sending event: {'category': 'dbt', 'action': 'invocation', 'label': 'start', 'context': [<snowplow_tracker.self_describing_json.SelfDescribingJson object at 0x0000025DBA51DD50>, <snowplow_tracker.self_describing_json.SelfDescribingJson object at 0x0000025DBA517D90>, <snowplow_tracker.self_describing_json.SelfDescribingJson object at 0x0000025DBA517B90>]}


============================== 12:34:51.841377 | 2035d77c-a403-4dba-a74a-944b219a8373 ==============================
[0m12:34:51.841377 [info ] [MainThread]: Running with dbt=1.7.2
[0m12:34:51.844373 [debug] [MainThread]: running dbt with arguments {'printer_width': '80', 'indirect_selection': 'eager', 'log_cache_events': 'False', 'write_json': 'True', 'partial_parse': 'True', 'cache_selected_only': 'False', 'warn_error': 'None', 'debug': 'False', 'version_check': 'True', 'log_path': 'logs', 'profiles_dir': 'C:/Users/Elsa/Tugas/Capstone-Project/capstone_brief/dbt_profiles', 'fail_fast': 'False', 'use_colors': 'True', 'use_experimental_parser': 'False', 'no_print': 'None', 'quiet': 'False', 'warn_error_options': 'WarnErrorOptions(include=[], exclude=[])', 'static_parser': 'True', 'log_format': 'default', 'invocation_command': 'dbt init dbt_project', 'target_path': 'None', 'introspect': 'True', 'send_anonymous_usage_stats': 'True'}
[0m12:34:51.849372 [debug] [MainThread]: Starter project path: C:\Users\Elsa\Tugas\Capstone-Project\capstone_brief\venv\Lib\site-packages\dbt\include\starter_project
[0m12:34:52.028051 [info ] [MainThread]: 
Your new dbt project "dbt_project" was created!

For more information on how to configure the profiles.yml file,
please consult the dbt documentation here:

  https://docs.getdbt.com/docs/configure-your-profile

One more thing:

Need help? Don't hesitate to reach out to us via GitHub issues or on Slack:

  https://community.getdbt.com/

Happy modeling!

[0m12:34:52.040057 [info ] [MainThread]: Setting up your profile.
[0m12:35:14.584825 [info ] [MainThread]: Profile dbt_project written to C:\Users\Elsa\Tugas\Capstone-Project\capstone_brief\dbt_profiles\profiles.yml using target's profile_template.yml and your supplied values. Run 'dbt debug' to validate the connection.
[0m12:35:14.617840 [debug] [MainThread]: Command `dbt init` succeeded at 12:35:14.616876 after 22.91 seconds
[0m12:35:14.644851 [debug] [MainThread]: Sending event: {'category': 'dbt', 'action': 'invocation', 'label': 'end', 'context': [<snowplow_tracker.self_describing_json.SelfDescribingJson object at 0x0000025DB33E5E10>, <snowplow_tracker.self_describing_json.SelfDescribingJson object at 0x0000025DB367E410>, <snowplow_tracker.self_describing_json.SelfDescribingJson object at 0x0000025DB367E650>]}
[0m12:35:14.649838 [debug] [MainThread]: Flushing usage events
[0m12:46:19.022333 [debug] [MainThread]: Sending event: {'category': 'dbt', 'action': 'invocation', 'label': 'start', 'context': [<snowplow_tracker.self_describing_json.SelfDescribingJson object at 0x0000025033E3A9D0>, <snowplow_tracker.self_describing_json.SelfDescribingJson object at 0x0000025033E4D590>, <snowplow_tracker.self_describing_json.SelfDescribingJson object at 0x0000025033E38B50>]}


============================== 12:46:19.036343 | a4325564-bf53-4207-927b-736edfb24e38 ==============================
[0m12:46:19.036343 [info ] [MainThread]: Running with dbt=1.7.2
[0m12:46:19.039338 [debug] [MainThread]: running dbt with arguments {'printer_width': '80', 'indirect_selection': 'eager', 'log_cache_events': 'False', 'write_json': 'True', 'partial_parse': 'True', 'cache_selected_only': 'False', 'warn_error': 'None', 'version_check': 'True', 'fail_fast': 'False', 'log_path': 'logs', 'debug': 'False', 'profiles_dir': 'C:/Users/Elsa/Tugas/Capstone-Project/capstone_brief/dbt_profiles', 'use_colors': 'True', 'use_experimental_parser': 'False', 'no_print': 'None', 'quiet': 'False', 'warn_error_options': 'WarnErrorOptions(include=[], exclude=[])', 'introspect': 'True', 'invocation_command': 'dbt init dbt_project', 'log_format': 'default', 'target_path': 'None', 'static_parser': 'True', 'send_anonymous_usage_stats': 'True'}
[0m12:46:19.044335 [debug] [MainThread]: Starter project path: C:\Users\Elsa\Tugas\Capstone-Project\capstone_brief\venv\Lib\site-packages\dbt\include\starter_project
[0m12:46:19.209588 [info ] [MainThread]: 
Your new dbt project "dbt_project" was created!

For more information on how to configure the profiles.yml file,
please consult the dbt documentation here:

  https://docs.getdbt.com/docs/configure-your-profile

One more thing:

Need help? Don't hesitate to reach out to us via GitHub issues or on Slack:

  https://community.getdbt.com/

Happy modeling!

[0m12:46:19.216598 [info ] [MainThread]: Setting up your profile.
[0m12:46:55.997595 [info ] [MainThread]: Profile dbt_project written to C:\Users\Elsa\Tugas\Capstone-Project\capstone_brief\dbt_profiles\profiles.yml using target's profile_template.yml and your supplied values. Run 'dbt debug' to validate the connection.
[0m12:46:56.019606 [debug] [MainThread]: Command `dbt init` succeeded at 12:46:56.010593 after 37.16 seconds
[0m12:46:56.027587 [debug] [MainThread]: Sending event: {'category': 'dbt', 'action': 'invocation', 'label': 'end', 'context': [<snowplow_tracker.self_describing_json.SelfDescribingJson object at 0x0000025033E34B50>, <snowplow_tracker.self_describing_json.SelfDescribingJson object at 0x0000025033E9FA10>, <snowplow_tracker.self_describing_json.SelfDescribingJson object at 0x0000025033E9F990>]}
[0m12:46:56.028602 [debug] [MainThread]: Flushing usage events
